<?xml version="1.0" encoding="utf-8"?><testsuites name="pytest tests"><testsuite name="pytest" errors="0" failures="0" skipped="0" tests="13" time="19.076" timestamp="2026-07-13T23:42:33.419643+00:00" hostname="agent-env-2b277587-fa3b-46e5-b3e7-f26504684bc0"><testcase classname="tests.backend_test.TestAnalyzeValidation" name="test_short_base64_returns_400" time="0.236" /><testcase classname="tests.backend_test.TestAiFlow" name="test_1_analyze_returns_valid_signal" time="3.970" /><testcase classname="tests.backend_test.TestAnalyzeValidation" name="test_empty_base64_returns_400_or_422" time="0.136" /><testcase classname="tests.backend_test.TestFeedbackValidation" name="test_feedback_404_for_unknown_id" time="0.051" /><testcase classname="tests.backend_test.TestFeedbackValidation" name="test_feedback_invalid_result_422" time="0.048" /><testcase classname="tests.backend_test.TestHealth" name="test_root_online" time="0.046" /><testcase classname="tests.backend_test.TestStatsShape" name="test_stats_shape" time="0.054" /><testcase classname="tests.backend_test.TestSignalsList" name="test_list_signals_returns_array" time="0.082" /><testcase classname="tests.backend_test.TestAiFlow" name="test_2_signals_ordered_desc_by_created_at" time="5.585" /><testcase classname="tests.backend_test.TestAiFlow" name="test_3_feedback_win_updates_signal" time="0.115" /><testcase classname="tests.backend_test.TestAiFlow" name="test_4_feedback_red_updates_signal" time="0.056" /><testcase classname="tests.backend_test.TestAiFlow" name="test_5_winrate_reflects_feedback" time="0.058" /><testcase classname="tests.backend_test.TestAiFlow" name="test_6_analyze_after_history_uses_learning_context" time="8.762" /></testsuite></testsuites>